<?xml version="1.0" encoding="UTF-8"?>
<!-- Generated by org.testng.reporters.JUnitReportReporter -->
<testsuite hostname="LAPTOP-CKK6GQGF" failures="0" tests="2" name="testing_bytestNG.Test_New1" time="0.034" errors="0" timestamp="2024-04-28T12:46:33 CEST" skipped="0">
  <testcase classname="testing_bytestNG.Test_New1" name="f2" time="0.027"/>
  <system-out/>
  <testcase classname="testing_bytestNG.Test_New1" name="f" time="0.007"/>
  <system-out/>
</testsuite> <!-- testing_bytestNG.Test_New1 -->
