<?xml version="1.0" encoding="UTF-8"?>
<!-- Generated by org.testng.reporters.JUnitReportReporter -->
<testsuite hostname="LAPTOP-CKK6GQGF" failures="0" tests="1" name="testing_bytestNG.NewTest1" time="0.017" errors="0" timestamp="2024-04-20T11:57:35 CEST" skipped="0">
  <testcase classname="testing_bytestNG.NewTest1" name="f" time="0.017"/>
  <system-out/>
</testsuite> <!-- testing_bytestNG.NewTest1 -->
