<?xml version="1.0" encoding="UTF-8"?>
<!-- Generated by org.testng.reporters.JUnitReportReporter -->
<testsuite hostname="LAPTOP-CKK6GQGF" failures="0" tests="1" name="testing_bytestNG.Test_New1" time="0.007" errors="0" timestamp="2024-04-20T17:13:22 CEST" skipped="0">
  <testcase classname="testing_bytestNG.Test_New1" name="f" time="0.007"/>
</testsuite> <!-- testing_bytestNG.Test_New1 -->
